<?xml version="1.0" encoding="UTF-8"?>
<testng-results ignored="0" total="3" passed="3" failed="0" skipped="0">
  <reporter-output>
  </reporter-output>
  <suite started-at="2023-06-11T09:19:32 IST" name="Suite" finished-at="2023-06-11T09:19:53 IST" duration-ms="20776">
    <groups>
    </groups>
    <test started-at="2023-06-11T09:19:32 IST" name="Test" finished-at="2023-06-11T09:19:53 IST" duration-ms="20776">
      <class name="redchillie.bcc.CTest">
        <test-method signature="c()[pri:0, instance:redchillie.bcc.CTest@2fd6b6c7]" started-at="2023-06-11T09:19:32 IST" name="c" finished-at="2023-06-11T09:19:53 IST" duration-ms="20761" status="PASS">
          <reporter-output>
          </reporter-output>
        </test-method> <!-- c -->
      </class> <!-- redchillie.bcc.CTest -->
      <class name="redchillie.bcc.BTest">
        <test-method signature="b()[pri:0, instance:redchillie.bcc.BTest@3c72f59f]" started-at="2023-06-11T09:19:53 IST" name="b" finished-at="2023-06-11T09:19:53 IST" duration-ms="0" status="PASS">
          <reporter-output>
          </reporter-output>
        </test-method> <!-- b -->
      </class> <!-- redchillie.bcc.BTest -->
      <class name="redchillie.bcc.ATest">
        <test-method signature="a()[pri:0, instance:redchillie.bcc.ATest@60dcc9fe]" started-at="2023-06-11T09:19:53 IST" name="a" finished-at="2023-06-11T09:19:53 IST" duration-ms="1" status="PASS">
          <reporter-output>
          </reporter-output>
        </test-method> <!-- a -->
      </class> <!-- redchillie.bcc.ATest -->
    </test> <!-- Test -->
  </suite> <!-- Suite -->
</testng-results>
