<?xml version="1.0" encoding="UTF-8"?>
<testng-results ignored="0" total="1" passed="1" failed="0" skipped="0">
  <reporter-output>
  </reporter-output>
  <suite started-at="2023-06-11T09:51:26 IST" name="Default suite" finished-at="2023-06-11T09:51:49 IST" duration-ms="23719">
    <groups>
    </groups>
    <test started-at="2023-06-11T09:51:26 IST" name="Default test" finished-at="2023-06-11T09:51:49 IST" duration-ms="23719">
      <class name="redchillie.bcc.BrowseropeningTest">
        <test-method signature="test()[pri:0, instance:redchillie.bcc.BrowseropeningTest@ec756bd]" started-at="2023-06-11T09:51:26 IST" name="test" finished-at="2023-06-11T09:51:49 IST" duration-ms="23706" status="PASS">
          <reporter-output>
          </reporter-output>
        </test-method> <!-- test -->
      </class> <!-- redchillie.bcc.BrowseropeningTest -->
    </test> <!-- Default test -->
  </suite> <!-- Default suite -->
</testng-results>
